\BOOKMARK [0][-]{chapter*.1}{\376\377\000R\000e\000m\000e\000r\000c\000i\000e\000m\000e\000n\000t\000s}{}% 1
\BOOKMARK [0][-]{chapter*.2}{\376\377\000R\000\351\000s\000u\000m\000\351}{}% 2
\BOOKMARK [0][-]{chapter.1}{\376\377\000I\000n\000t\000r\000o\000d\000u\000c\000t\000i\000o\000n}{}% 3
\BOOKMARK [0][-]{chapter.2}{\376\377\000D\000\351\000v\000e\000l\000o\000p\000p\000e\000m\000e\000n\000t}{}% 4
\BOOKMARK [1][-]{section.2.1}{\376\377\000L\000'\000A\000g\000e\000n\000c\000e\000\040\000T\000e\000c\000h\000n\000i\000q\000u\000e\000\040\000D\000\351\000p\000a\000r\000t\000e\000m\000e\000n\000t\000a\000l\000e\000\040\000d\000e\000\040\000l\000a\000\040\000C\000h\000a\000r\000e\000n\000t\000e}{chapter.2}% 5
\BOOKMARK [2][-]{subsection.2.1.1}{\376\377\000F\000o\000n\000c\000t\000i\000o\000n\000n\000e\000m\000e\000n\000t\000\040\000\351\000c\000o\000n\000o\000m\000i\000q\000u\000e}{section.2.1}% 6
\BOOKMARK [2][-]{subsection.2.1.2}{\376\377\000E\000n\000v\000i\000r\000o\000n\000n\000e\000m\000e\000n\000t\000\040\000d\000e\000\040\000T\000r\000a\000v\000a\000i\000l}{section.2.1}% 7
\BOOKMARK [1][-]{section.2.2}{\376\377\000E\000x\000p\000l\000i\000c\000a\000t\000i\000o\000n\000\040\000d\000e\000\040\000l\000a\000\040\000m\000i\000s\000s\000i\000o\000n}{chapter.2}% 8
\BOOKMARK [1][-]{section.2.3}{\376\377\000L\000e\000s\000\040\000o\000u\000t\000i\000l\000s}{chapter.2}% 9
\BOOKMARK [2][-]{subsection.2.3.1}{\376\377\000G\000i\000t}{section.2.3}% 10
\BOOKMARK [2][-]{subsection.2.3.2}{\376\377\000G\000e\000s\000t\000i\000o\000n\000\040\000d\000e\000\040\000P\000r\000o\000j\000e\000t}{section.2.3}% 11
\BOOKMARK [2][-]{subsection.2.3.3}{\376\377\000L\000e\000s\000\040\000d\000o\000c\000u\000m\000e\000n\000t\000a\000t\000i\000o\000n\000s\000\040\000e\000t\000\040\000l\000'\000I\000A}{section.2.3}% 12
\BOOKMARK [1][-]{section.2.4}{\376\377\000L\000e\000\040\000s\000i\000m\000u\000l\000a\000t\000e\000u\000r}{chapter.2}% 13
\BOOKMARK [2][-]{subsection.2.4.1}{\376\377\000L\000'\000A\000P\000I\000\040\000N\000u\000m\000\351\000r\000o\000b\000i\000s}{section.2.4}% 14
\BOOKMARK [2][-]{subsection.2.4.2}{\376\377\000L\000e\000\040\000c\000o\000n\000t\000r\000o\000l\000l\000e\000r\000\040\000s\000i\000m\000u\000l\000a\000t\000e\000u\000r}{section.2.4}% 15
\BOOKMARK [2][-]{subsection.2.4.3}{\376\377\000L\000e\000\040\000s\000i\000t\000e\000\040\000N\000u\000m\000\351\000r\000o\000b\000i\000s}{section.2.4}% 16
\BOOKMARK [1][-]{section.2.5}{\376\377\000R\000e\000f\000a\000c\000t\000o\000r\000i\000n\000g}{chapter.2}% 17
\BOOKMARK [2][-]{subsection.2.5.1}{\376\377\000s\000\351\000p\000a\000r\000a\000t\000i\000o\000n\000\040\000d\000e\000\040\000l\000a\000\040\000l\000o\000g\000i\000q\000u\000e}{section.2.5}% 18
\BOOKMARK [2][-]{subsection.2.5.2}{\376\377\000Z\000u\000s\000t\000a\000n\000d}{section.2.5}% 19
\BOOKMARK [1][-]{section.2.6}{\376\377\000C\000o\000n\000c\000l\000u\000s\000i\000o\000n}{chapter.2}% 20
